Build started 11/1/2015 5:01:00 PM.
     1>Project "C:\FNProject\FNProject\FNProject\FNProject.vcxproj" on node 2 (Build target(s)).
     1>ClCompile:
         C:\Program Files (x86)\Microsoft Visual Studio 12.0\VC\bin\CL.exe /c /IC:\FNProject\FNProject\FNProject\/../../core/include/ /ZI /nologo /W3 /WX- /sdl /Od /Oy- /D WIN32 /D _DEBUG /D _CONSOLE /D _LIB /D _CRT_SECURE_NO_WARNINGS /D _UNICODE /D UNICODE /Gm /EHsc /RTC1 /MDd /GS /fp:precise /Zc:wchar_t /Zc:forScope /Fo"Debug\\" /Fd"Debug\vc120.pdb" /Gd /TP /analyze- /errorReport:prompt ..\..\source\FNStockData.cpp
         FNStockData.cpp
     1>c:\fnproject\source\fnstockdata.cpp(44): warning C4244: '=' : conversion from 'double' to 'float', possible loss of data
     1>c:\fnproject\source\fnstockdata.cpp(46): warning C4244: '=' : conversion from 'double' to 'float', possible loss of data
     1>c:\fnproject\source\fnstockdata.cpp(48): warning C4244: '=' : conversion from 'double' to 'float', possible loss of data
     1>c:\fnproject\source\fnstockdata.cpp(50): warning C4244: '=' : conversion from 'double' to 'float', possible loss of data
     1>c:\fnproject\source\fnstockdata.cpp(70): warning C4018: '<' : signed/unsigned mismatch
       Link:
         C:\Program Files (x86)\Microsoft Visual Studio 12.0\VC\bin\link.exe /ERRORREPORT:PROMPT /OUT:"C:\FNProject\FNProject\Debug\FNProject.exe" /INCREMENTAL /NOLOGO /LIBPATH:C:\FNProject\FNProject\FNProject\/../../core/lib/ kernel32.lib user32.lib gdi32.lib winspool.lib comdlg32.lib advapi32.lib shell32.lib ole32.lib oleaut32.lib uuid.lib odbc32.lib odbccp32.lib /MANIFEST /MANIFESTUAC:"level='asInvoker' uiAccess='false'" /manifest:embed /DEBUG /PDB:"C:\FNProject\FNProject\Debug\FNProject.pdb" /SUBSYSTEM:CONSOLE /TLBID:1 /DYNAMICBASE /NXCOMPAT /IMPLIB:"C:\FNProject\FNProject\Debug\FNProject.lib" /MACHINE:X86 Debug\FNAnalyseMgr.obj
         Debug\FNAnalyser.obj
         Debug\FNCommon.obj
         Debug\FNStockData.obj
         Debug\main.obj
         FNProject.vcxproj -> C:\FNProject\FNProject\Debug\FNProject.exe
     1>Done Building Project "C:\FNProject\FNProject\FNProject\FNProject.vcxproj" (Build target(s)).

Build succeeded.

Time Elapsed 00:00:01.17
